Microsoft HTML Help Compiler 4.74.8702

Compiling c:\DELPHI6\PROJECTS\1DF1.0\HELP\1DF\HtmlHelp\1DF.chm

topics\index.htm
topics\indexm.htm
topics\indexn.htm
topics\t10.htm
topics\t10m.htm
topics\t10n.htm
topics\t11.htm
topics\t11m.htm
topics\t11n.htm
topics\t12.htm
topics\t14.htm
topics\t15.htm
topics\t15m.htm
topics\t15n.htm
topics\t16.htm
topics\t16m.htm
topics\t16n.htm
topics\t17.htm
topics\t18.htm
topics\t18m.htm
topics\t18n.htm
topics\t4.htm
topics\t4m.htm
topics\t4n.htm
topics\t5.htm
topics\t5m.htm
topics\t5n.htm
topics\t6.htm
topics\t6m.htm
topics\t6n.htm
topics\t9.htm
topics\t9m.htm
topics\t9n.htm
1DF.hhc
1DF.hhk


The following files were not compiled:
